This file contains any messages produced by compilers while
running configure, to aid debugging if configure makes a mistake.

It was created by slkbuild configure 1.4.3, which was
generated by GNU Autoconf 2.61.  Invocation command line was

  $ ./configure 

## --------- ##
## Platform. ##
## --------- ##

hostname = anemone
uname -m = x86_64
uname -r = 2.6.33
uname -s = Linux
uname -v = #2 SMP Sun Mar 7 11:35:55 CST 2010

/usr/bin/uname -p = Intel(R) Core(TM)2 CPU         T5200  @ 1.60GHz
/bin/uname -X     = unknown

/bin/arch              = x86_64
/usr/bin/arch -k       = unknown
/usr/convex/getsysinfo = unknown
/usr/bin/hostinfo      = unknown
/bin/machine           = unknown
/usr/bin/oslevel       = unknown
/bin/universe          = unknown

PATH: /usr/local/bin
PATH: /usr/bin
PATH: /bin
PATH: /usr/games
PATH: /usr/lib64/java/bin
PATH: /usr/lib64/qt/bin
PATH: .
PATH: /home/george/bin


## ----------- ##
## Core tests. ##
## ----------- ##

configure:1690: checking for a BSD-compatible install
configure:1746: result: /usr/bin/ginstall -c
configure:1757: checking whether build environment is sane
configure:1800: result: yes
configure:1865: checking for gawk
configure:1881: found /usr/bin/gawk
configure:1892: result: gawk
configure:1903: checking whether make sets $(MAKE)
configure:1924: result: yes
configure:2240: creating ./config.status

## ---------------------- ##
## Running config.status. ##
## ---------------------- ##

This file was extended by slkbuild config.status 1.4.3, which was
generated by GNU Autoconf 2.61.  Invocation command line was

  CONFIG_FILES    = 
  CONFIG_HEADERS  = 
  CONFIG_LINKS    = 
  CONFIG_COMMANDS = 
  $ ./config.status 

on anemone

config.status:590: creating Makefile
config.status:590: creating doc/Makefile
config.status:590: creating man/Makefile
config.status:590: creating etc/Makefile
config.status:590: creating scripts/Makefile
configure:3279: creating ./config.status

## ---------------------- ##
## Running config.status. ##
## ---------------------- ##

This file was extended by slkbuild config.status 1.4.3, which was
generated by GNU Autoconf 2.61.  Invocation command line was

  CONFIG_FILES    = 
  CONFIG_HEADERS  = 
  CONFIG_LINKS    = 
  CONFIG_COMMANDS = 
  $ ./config.status 

on anemone

config.status:590: creating Makefile
config.status:590: creating doc/Makefile
config.status:590: creating man/Makefile
config.status:590: creating etc/Makefile
config.status:590: creating scripts/Makefile

## ---------------- ##
## Cache variables. ##
## ---------------- ##

ac_cv_env_build_alias_set=
ac_cv_env_build_alias_value=
ac_cv_env_host_alias_set=
ac_cv_env_host_alias_value=
ac_cv_env_target_alias_set=
ac_cv_env_target_alias_value=
ac_cv_path_install='/usr/bin/ginstall -c'
ac_cv_prog_AWK=gawk
ac_cv_prog_make_make_set=yes

## ----------------- ##
## Output variables. ##
## ----------------- ##

ACLOCAL='${SHELL} /home/george/salix/d/slkbuild/slkbuild/missing --run aclocal-1.9'
AMTAR='${SHELL} /home/george/salix/d/slkbuild/slkbuild/missing --run tar'
AUTOCONF='${SHELL} /home/george/salix/d/slkbuild/slkbuild/missing --run autoconf'
AUTOHEADER='${SHELL} /home/george/salix/d/slkbuild/slkbuild/missing --run autoheader'
AUTOMAKE='${SHELL} /home/george/salix/d/slkbuild/slkbuild/missing --run automake-1.9'
AWK='gawk'
CYGPATH_W='echo'
DEFS='-DPACKAGE_NAME=\"slkbuild\" -DPACKAGE_TARNAME=\"slkbuild\" -DPACKAGE_VERSION=\"1.4.3\" -DPACKAGE_STRING=\"slkbuild\ 1.4.3\" -DPACKAGE_BUGREPORT=\"vlahavas@gmail.com\" -DPACKAGE=\"slkbuild\" -DVERSION=\"1.4.3\"'
ECHO_C=''
ECHO_N='-n'
ECHO_T=''
INSTALL_DATA='${INSTALL} -m 644'
INSTALL_PROGRAM='${INSTALL}'
INSTALL_SCRIPT='${INSTALL}'
INSTALL_STRIP_PROGRAM='${SHELL} $(install_sh) -c -s'
LIBOBJS=''
LIBS=''
LTLIBOBJS=''
MAKEINFO='${SHELL} /home/george/salix/d/slkbuild/slkbuild/missing --run makeinfo'
PACKAGE='slkbuild'
PACKAGE_BUGREPORT='vlahavas@gmail.com'
PACKAGE_NAME='slkbuild'
PACKAGE_STRING='slkbuild 1.4.3'
PACKAGE_TARNAME='slkbuild'
PACKAGE_VERSION='1.4.3'
PATH_SEPARATOR=':'
SET_MAKE=''
SHELL='/bin/sh'
STRIP=''
VERSION='1.4.3'
am__leading_dot='.'
am__tar='${AMTAR} chof - "$$tardir"'
am__untar='${AMTAR} xf -'
bindir='${exec_prefix}/bin'
build_alias=''
datadir='${datarootdir}'
datarootdir='${prefix}/share'
docdir='${datarootdir}/doc/${PACKAGE_TARNAME}'
dvidir='${docdir}'
exec_prefix='${prefix}'
host_alias=''
htmldir='${docdir}'
includedir='${prefix}/include'
infodir='${datarootdir}/info'
install_sh='/home/george/salix/d/slkbuild/slkbuild/install-sh'
libdir='${exec_prefix}/lib'
libexecdir='${exec_prefix}/libexec'
localedir='${datarootdir}/locale'
localstatedir='${prefix}/var'
mandir='${datarootdir}/man'
mkdir_p='mkdir -p --'
oldincludedir='/usr/include'
pdfdir='${docdir}'
prefix='/usr/local'
program_transform_name='s,x,x,'
psdir='${docdir}'
sbindir='${exec_prefix}/sbin'
sharedstatedir='${prefix}/com'
sysconfdir='${prefix}/etc'
target_alias=''

## ----------- ##
## confdefs.h. ##
## ----------- ##

#define PACKAGE_NAME "slkbuild"
#define PACKAGE_TARNAME "slkbuild"
#define PACKAGE_VERSION "1.4.3"
#define PACKAGE_STRING "slkbuild 1.4.3"
#define PACKAGE_BUGREPORT "vlahavas@gmail.com"
#define PACKAGE "slkbuild"
#define VERSION "1.4.3"

configure: exit 0
